================================================================================
📊 DIAGNÓSTICO DO SISTEMA GPU
================================================================================
CUDA disponível: True
GPU encontrada: NVIDIA GeForce RTX 4060

🧹 Limpando cache de GPU...
Memória total da GPU: 8.18 GB
Memória alocada: 0.00 GB
Memória reservada: 0.00 GB
Memória livre: 8.18 GB

Versão CUDA: 12.8
Versão cuDNN: 91002
cuDNN habilitado: True
================================================================================

Iniciando o programa...
Parametros de Execucao:
  Numero de folds para K-Fold Cross Validation: 3
  Tamanho do batch para treinamento: 32
  Numero de epocas para treinamento: 20
(3, 256, 256)
uint8
Device: cuda:0
Device: cuda:0
Leitura e carregamento otimizado do arquivo '../dataset_AFIB_Others/data_balanced_AFIB_OTHERS.csv'...

================================================================================
📋 EXPLORAÇÃO DO ARQUIVO CSV
================================================================================
✓ Arquivo encontrado: ../dataset_AFIB_Others/data_balanced_AFIB_OTHERS.csv
  Tamanho do arquivo: 0.07 MB

📖 Lendo arquivo CSV...
✓ CSV lido com sucesso!
  Shape: (4514, 2) (linhas, colunas)
  Colunas: ['path', 'label']
  Tipos de dados:
path       str
label    int64
dtype: object

📊 Valores Nulos:
  ✓ Nenhum valor nulo encontrado!
📄 Primeiras 10 linhas:
             path  label
0  15857_lr-0.png      0
1  15824_lr-0.png      1
2  21151_lr-0.png      0
3  00703_lr-0.png      1
4  15201_lr-0.png      0
5  12649_lr-0.png      0
6  03548_lr-0.png      1
7  03358_lr-0.png      0
8  12522_lr-0.png      0
9  04591_lr-0.png      0

📈 Estatísticas básicas:
  Total de amostras: 4514
  Distribuição de labels (label):
label
0    3000
1    1514
================================================================================

🏷️  Padronizando nomes de colunas...
✓ Colunas renomeadas: ['path', 'label']


================================================================================
🖼️  VALIDAÇÃO E CARREGAMENTO DE IMAGENS
================================================================================

📌 Configuração:
  Amostras a processar: 3000
  Prefixo de caminho: ../dataset_AFIB_Others/data/
  Máximo de erros permitidos: 10

💾 Memória disponível: 24.70 GB
  Memória estimada para imagens: 0.55 GB

🔄 Carregando imagens...
Carregando imagens: 100%|███████████████████| 3000/3000 [02:33<00:00, 19.51it/s]

✅ Carregamento concluído!
  Imagens carregadas com sucesso: 3000
  Imagens com erro: 0
  Shape final: (3000, 3, 256, 256)
================================================================================

================================================================================
📊 ESTATÍSTICAS DAS IMAGENS
================================================================================
Shape: (3000, 3, 256, 256)
Tipo de dado: uint8
Min: 0
Max: 255
Média: 233.51
Std: 28.96
Memória total: 562.50 MB
================================================================================

================================================================================
✅ RESUMO FINAL DO CARREGAMENTO
================================================================================
Arquivo CSV: ../dataset_AFIB_Others/data_balanced_AFIB_OTHERS.csv
Total de amostras: 3000
Shape de imagens: (3000, 3, 256, 256)
Distribuição de labels:
label
0    2005
1     995
================================================================================

Aplicando augmentação expandida com v2.Compose...
Applying augmentation: 100%|███████████████| 3000/3000 [00:11<00:00, 271.18it/s]
Dataset de dados (imagens + labels) criado com sucesso. Tamanho do Dataset: 6000
Distribuicao das amostras
/home/leo/Documents/dev/oca-ia/execute_terminal/EXEC_DATAAUG.py:812: UserWarning: FigureCanvasAgg is non-interactive, and thus cannot be shown
  plt.show()
Tensor de Rotulos sendo gerado...
Tensor de Rotulos gerado com sucesso. Tamanho do Tensor: torch.Size([6000, 1])
Configuracao do K-Fold para 3 folds...
KFold(n_splits=3, random_state=None, shuffle=False)
K-Fold configurado com sucesso.
Iniciando o treinamento com K-Fold Cross Validation...

      ###############################################
      Inicio do treinamento com K-Fold Cross Validation
      ###############################################
      
Fold 0:
Training for 4000 images and valid for 2000 images
Warning: You are sending unauthenticated requests to the HF Hub. Please set a HF_TOKEN to enable higher rate limits and faster downloads.
Pasta 4000-files-augument/output/ ja existe.
Train and valid for Fold 0
Number of training images per iteration: 32
Device sendo usado: cuda:0
✓ Modelo movido para cuda:0
Training loop: 100%|██████████████████████████| 125/125 [08:37<00:00,  4.14s/it]
Validation loop: 100%|██████████████████████████| 63/63 [01:22<00:00,  1.31s/it]

================================================================================
Epoch 1/20
================================================================================
Train Loss: 0.590890 | Train Acc: 0.6985 | Train F1: 0.6553
Val Loss:   0.414775 | Val Acc: 0.7923 | Val F1: 0.7771 | Precision: 0.7916 | Recall: 0.7923
================================================================================

Training loop: 100%|██████████████████████████| 125/125 [08:51<00:00,  4.25s/it]
Validation loop: 100%|██████████████████████████| 63/63 [01:22<00:00,  1.31s/it]

================================================================================
Epoch 2/20
================================================================================
Train Loss: 0.432813 | Train Acc: 0.8065 | Train F1: 0.8009
Val Loss:   0.228768 | Val Acc: 0.9037 | Val F1: 0.9026 | Precision: 0.9030 | Recall: 0.9037
================================================================================

Training loop: 100%|██████████████████████████| 125/125 [08:53<00:00,  4.26s/it]
Validation loop: 100%|██████████████████████████| 63/63 [01:23<00:00,  1.33s/it]

================================================================================
Epoch 3/20
================================================================================
Train Loss: 0.294700 | Train Acc: 0.8770 | Train F1: 0.8753
Val Loss:   0.237554 | Val Acc: 0.9219 | Val F1: 0.9197 | Precision: 0.9251 | Recall: 0.9219
================================================================================

Training loop: 100%|██████████████████████████| 125/125 [08:54<00:00,  4.27s/it]
Validation loop: 100%|██████████████████████████| 63/63 [01:23<00:00,  1.33s/it]

================================================================================
Epoch 4/20
================================================================================
Train Loss: 0.202782 | Train Acc: 0.9175 | Train F1: 0.9171
Val Loss:   0.197951 | Val Acc: 0.9430 | Val F1: 0.9420 | Precision: 0.9446 | Recall: 0.9430
================================================================================

Training loop: 100%|██████████████████████████| 125/125 [08:58<00:00,  4.30s/it]
Validation loop: 100%|██████████████████████████| 63/63 [01:22<00:00,  1.32s/it]

================================================================================
Epoch 5/20
================================================================================
Train Loss: 0.134781 | Train Acc: 0.9483 | Train F1: 0.9482
Val Loss:   0.130264 | Val Acc: 0.9541 | Val F1: 0.9542 | Precision: 0.9543 | Recall: 0.9541
================================================================================

Training loop: 100%|██████████████████████████| 125/125 [08:55<00:00,  4.28s/it]
Validation loop: 100%|██████████████████████████| 63/63 [01:24<00:00,  1.34s/it]

================================================================================
Epoch 6/20
================================================================================
Train Loss: 0.090224 | Train Acc: 0.9675 | Train F1: 0.9675
Val Loss:   0.211971 | Val Acc: 0.9486 | Val F1: 0.9479 | Precision: 0.9491 | Recall: 0.9486
================================================================================

Training loop: 100%|██████████████████████████| 125/125 [08:54<00:00,  4.28s/it]
Validation loop: 100%|██████████████████████████| 63/63 [01:23<00:00,  1.33s/it]

================================================================================
Epoch 7/20
================================================================================
Train Loss: 0.090226 | Train Acc: 0.9718 | Train F1: 0.9717
Val Loss:   0.239584 | Val Acc: 0.9390 | Val F1: 0.9397 | Precision: 0.9426 | Recall: 0.9390
================================================================================

Training loop: 100%|██████████████████████████| 125/125 [08:55<00:00,  4.29s/it]
Validation loop: 100%|██████████████████████████| 63/63 [01:24<00:00,  1.35s/it]

================================================================================
Epoch 8/20
================================================================================
Train Loss: 0.063213 | Train Acc: 0.9780 | Train F1: 0.9780
Val Loss:   0.181011 | Val Acc: 0.9627 | Val F1: 0.9626 | Precision: 0.9626 | Recall: 0.9627
================================================================================

Training loop: 100%|██████████████████████████| 125/125 [08:56<00:00,  4.29s/it]
Validation loop: 100%|██████████████████████████| 63/63 [01:24<00:00,  1.34s/it]

================================================================================
Epoch 9/20
================================================================================
Train Loss: 0.052093 | Train Acc: 0.9830 | Train F1: 0.9830
Val Loss:   0.210369 | Val Acc: 0.9592 | Val F1: 0.9594 | Precision: 0.9598 | Recall: 0.9592
================================================================================

Training loop: 100%|██████████████████████████| 125/125 [08:56<00:00,  4.29s/it]
Validation loop: 100%|██████████████████████████| 63/63 [01:23<00:00,  1.33s/it]

================================================================================
Epoch 10/20
================================================================================
Train Loss: 0.019079 | Train Acc: 0.9930 | Train F1: 0.9930
Val Loss:   0.195898 | Val Acc: 0.9657 | Val F1: 0.9658 | Precision: 0.9661 | Recall: 0.9657
================================================================================

Training loop: 100%|██████████████████████████| 125/125 [08:56<00:00,  4.29s/it]
Validation loop: 100%|██████████████████████████| 63/63 [01:23<00:00,  1.32s/it]

================================================================================
Epoch 11/20
================================================================================
Train Loss: 0.007913 | Train Acc: 0.9980 | Train F1: 0.9980
Val Loss:   0.195979 | Val Acc: 0.9662 | Val F1: 0.9663 | Precision: 0.9663 | Recall: 0.9662
================================================================================

Training loop: 100%|██████████████████████████| 125/125 [08:58<00:00,  4.31s/it]
Validation loop: 100%|██████████████████████████| 63/63 [01:23<00:00,  1.33s/it]

================================================================================
Epoch 12/20
================================================================================
Train Loss: 0.004707 | Train Acc: 0.9985 | Train F1: 0.9985
Val Loss:   0.204224 | Val Acc: 0.9652 | Val F1: 0.9653 | Precision: 0.9656 | Recall: 0.9652
================================================================================

Training loop: 100%|██████████████████████████| 125/125 [08:52<00:00,  4.26s/it]
Validation loop: 100%|██████████████████████████| 63/63 [01:23<00:00,  1.33s/it]

================================================================================
Epoch 13/20
================================================================================
Train Loss: 0.001037 | Train Acc: 1.0000 | Train F1: 1.0000
Val Loss:   0.197192 | Val Acc: 0.9657 | Val F1: 0.9658 | Precision: 0.9659 | Recall: 0.9657
================================================================================

Training loop: 100%|██████████████████████████| 125/125 [08:57<00:00,  4.30s/it]
Validation loop: 100%|██████████████████████████| 63/63 [01:23<00:00,  1.33s/it]

================================================================================
Epoch 14/20
================================================================================
Train Loss: 0.001755 | Train Acc: 0.9995 | Train F1: 0.9995
Val Loss:   0.194279 | Val Acc: 0.9677 | Val F1: 0.9677 | Precision: 0.9677 | Recall: 0.9677
================================================================================

Training loop: 100%|██████████████████████████| 125/125 [08:56<00:00,  4.30s/it]
Validation loop: 100%|██████████████████████████| 63/63 [01:23<00:00,  1.32s/it]

================================================================================
Epoch 15/20
================================================================================
Train Loss: 0.000989 | Train Acc: 0.9998 | Train F1: 0.9998
Val Loss:   0.198321 | Val Acc: 0.9688 | Val F1: 0.9688 | Precision: 0.9689 | Recall: 0.9688
================================================================================

Training loop: 100%|██████████████████████████| 125/125 [08:54<00:00,  4.28s/it]
Validation loop: 100%|██████████████████████████| 63/63 [01:24<00:00,  1.33s/it]

================================================================================
Epoch 16/20
================================================================================
Train Loss: 0.000942 | Train Acc: 1.0000 | Train F1: 1.0000
Val Loss:   0.198731 | Val Acc: 0.9677 | Val F1: 0.9678 | Precision: 0.9680 | Recall: 0.9677
================================================================================

Training loop: 100%|██████████████████████████| 125/125 [08:55<00:00,  4.29s/it]
Validation loop: 100%|██████████████████████████| 63/63 [01:23<00:00,  1.32s/it]

================================================================================
Epoch 17/20
================================================================================
Train Loss: 0.001038 | Train Acc: 0.9998 | Train F1: 0.9997
Val Loss:   0.197626 | Val Acc: 0.9677 | Val F1: 0.9677 | Precision: 0.9677 | Recall: 0.9677
================================================================================

Training loop: 100%|██████████████████████████| 125/125 [09:03<00:00,  4.34s/it]
Validation loop: 100%|██████████████████████████| 63/63 [01:23<00:00,  1.32s/it]

================================================================================
Epoch 18/20
================================================================================
Train Loss: 0.001206 | Train Acc: 0.9998 | Train F1: 0.9997
Val Loss:   0.205831 | Val Acc: 0.9662 | Val F1: 0.9663 | Precision: 0.9665 | Recall: 0.9662
================================================================================

Training loop: 100%|██████████████████████████| 125/125 [08:53<00:00,  4.27s/it]
Validation loop: 100%|██████████████████████████| 63/63 [01:23<00:00,  1.33s/it]

================================================================================
Epoch 19/20
================================================================================
Train Loss: 0.001010 | Train Acc: 0.9998 | Train F1: 0.9997
Val Loss:   0.198482 | Val Acc: 0.9667 | Val F1: 0.9668 | Precision: 0.9670 | Recall: 0.9667
================================================================================

Training loop: 100%|██████████████████████████| 125/125 [08:52<00:00,  4.26s/it]
Validation loop: 100%|██████████████████████████| 63/63 [01:23<00:00,  1.32s/it]

================================================================================
Epoch 20/20
================================================================================
Train Loss: 0.001995 | Train Acc: 0.9995 | Train F1: 0.9995
Val Loss:   0.204255 | Val Acc: 0.9688 | Val F1: 0.9688 | Precision: 0.9690 | Recall: 0.9688
================================================================================

Salvado das metricas de validacao e treino
Pasta saida_4000-augumented/saidas//output/metricas/valid/fold_0 ja existe.
Metricas salvas em saida_4000-augumented/saidas//output/metricas/valid/fold_0 com os nomes predict_label_valid_fold_0.npy e true_label_valid_fold_0.npy e tamanhos (20, 62, 32) e (20, 62, 32)
Pasta saida_4000-augumented/saidas//output/metricas/train/fold_0 ja existe.
Metricas salvas em saida_4000-augumented/saidas//output/metricas/train/fold_0 com os nomes predict_label_train_fold_0.npy e true_label_train_fold_0.npy e tamanhos (20, 125, 32) e (20, 125, 32)
Finalizado o salvamento das metricas
Fold 1:
Training for 4000 images and valid for 2000 images
Pasta 4000-files-augument/output/ ja existe.
Train and valid for Fold 1
Number of training images per iteration: 32
Device sendo usado: cuda:0
✓ Modelo movido para cuda:0
Training loop: 100%|██████████████████████████| 125/125 [09:04<00:00,  4.36s/it]
Validation loop: 100%|██████████████████████████| 63/63 [01:23<00:00,  1.32s/it]

================================================================================
Epoch 1/20
================================================================================
Train Loss: 0.519968 | Train Acc: 0.7298 | Train F1: 0.6959
Val Loss:   0.454859 | Val Acc: 0.7722 | Val F1: 0.7408 | Precision: 0.7967 | Recall: 0.7722
================================================================================

Training loop: 100%|██████████████████████████| 125/125 [09:05<00:00,  4.37s/it]
Validation loop: 100%|██████████████████████████| 63/63 [01:24<00:00,  1.34s/it]

================================================================================
Epoch 2/20
================================================================================
Train Loss: 0.380235 | Train Acc: 0.8230 | Train F1: 0.8158
Val Loss:   0.398866 | Val Acc: 0.8165 | Val F1: 0.8064 | Precision: 0.8182 | Recall: 0.8165
================================================================================

Training loop: 100%|██████████████████████████| 125/125 [09:04<00:00,  4.36s/it]
Validation loop: 100%|██████████████████████████| 63/63 [01:22<00:00,  1.32s/it]

================================================================================
Epoch 3/20
================================================================================
Train Loss: 0.296381 | Train Acc: 0.8742 | Train F1: 0.8723
Val Loss:   0.366815 | Val Acc: 0.8453 | Val F1: 0.8420 | Precision: 0.8433 | Recall: 0.8453
================================================================================

Training loop: 100%|██████████████████████████| 125/125 [09:08<00:00,  4.39s/it]
Validation loop: 100%|██████████████████████████| 63/63 [01:23<00:00,  1.33s/it]

================================================================================
Epoch 4/20
================================================================================
Train Loss: 0.227098 | Train Acc: 0.9050 | Train F1: 0.9041
Val Loss:   0.308841 | Val Acc: 0.8810 | Val F1: 0.8766 | Precision: 0.8851 | Recall: 0.8810
================================================================================

Training loop: 100%|██████████████████████████| 125/125 [09:08<00:00,  4.39s/it]
Validation loop: 100%|██████████████████████████| 63/63 [01:23<00:00,  1.33s/it]

================================================================================
Epoch 5/20
================================================================================
Train Loss: 0.155682 | Train Acc: 0.9355 | Train F1: 0.9353
Val Loss:   0.303732 | Val Acc: 0.9017 | Val F1: 0.9013 | Precision: 0.9011 | Recall: 0.9017
================================================================================

Training loop: 100%|██████████████████████████| 125/125 [09:05<00:00,  4.36s/it]
Validation loop: 100%|██████████████████████████| 63/63 [01:23<00:00,  1.33s/it]

================================================================================
Epoch 6/20
================================================================================
Train Loss: 0.109133 | Train Acc: 0.9573 | Train F1: 0.9572
Val Loss:   0.356026 | Val Acc: 0.8911 | Val F1: 0.8893 | Precision: 0.8907 | Recall: 0.8911
================================================================================

Training loop: 100%|██████████████████████████| 125/125 [09:08<00:00,  4.38s/it]
Validation loop: 100%|██████████████████████████| 63/63 [01:23<00:00,  1.32s/it]

================================================================================
Epoch 7/20
================================================================================
Train Loss: 0.082774 | Train Acc: 0.9680 | Train F1: 0.9679
Val Loss:   0.391577 | Val Acc: 0.8816 | Val F1: 0.8802 | Precision: 0.8805 | Recall: 0.8816
================================================================================

Training loop: 100%|██████████████████████████| 125/125 [09:09<00:00,  4.39s/it]
Validation loop: 100%|██████████████████████████| 63/63 [01:23<00:00,  1.32s/it]

================================================================================
Epoch 8/20
================================================================================
Train Loss: 0.077247 | Train Acc: 0.9785 | Train F1: 0.9785
Val Loss:   0.514053 | Val Acc: 0.8921 | Val F1: 0.8918 | Precision: 0.8916 | Recall: 0.8921
================================================================================

Training loop: 100%|██████████████████████████| 125/125 [09:05<00:00,  4.36s/it]
Validation loop: 100%|██████████████████████████| 63/63 [01:23<00:00,  1.33s/it]

================================================================================
Epoch 9/20
================================================================================
Train Loss: 0.054132 | Train Acc: 0.9825 | Train F1: 0.9825
Val Loss:   0.467079 | Val Acc: 0.9062 | Val F1: 0.9051 | Precision: 0.9058 | Recall: 0.9062
================================================================================

Training loop: 100%|██████████████████████████| 125/125 [09:04<00:00,  4.36s/it]
Validation loop: 100%|██████████████████████████| 63/63 [01:23<00:00,  1.32s/it]

================================================================================
Epoch 10/20
================================================================================
Train Loss: 0.026871 | Train Acc: 0.9898 | Train F1: 0.9897
Val Loss:   0.403932 | Val Acc: 0.9153 | Val F1: 0.9144 | Precision: 0.9150 | Recall: 0.9153
================================================================================

Training loop: 100%|██████████████████████████| 125/125 [09:07<00:00,  4.38s/it]
Validation loop: 100%|██████████████████████████| 63/63 [01:23<00:00,  1.32s/it]

================================================================================
Epoch 11/20
================================================================================
Train Loss: 0.005068 | Train Acc: 0.9978 | Train F1: 0.9978
Val Loss:   0.388802 | Val Acc: 0.9199 | Val F1: 0.9195 | Precision: 0.9194 | Recall: 0.9199
================================================================================

Training loop: 100%|██████████████████████████| 125/125 [09:06<00:00,  4.37s/it]
Validation loop: 100%|██████████████████████████| 63/63 [01:24<00:00,  1.34s/it]

================================================================================
Epoch 12/20
================================================================================
Train Loss: 0.002000 | Train Acc: 0.9995 | Train F1: 0.9995
Val Loss:   0.441621 | Val Acc: 0.9168 | Val F1: 0.9158 | Precision: 0.9167 | Recall: 0.9168
================================================================================

Training loop: 100%|██████████████████████████| 125/125 [09:06<00:00,  4.38s/it]
Validation loop: 100%|██████████████████████████| 63/63 [01:23<00:00,  1.33s/it]

================================================================================
Epoch 13/20
================================================================================
Train Loss: 0.002885 | Train Acc: 0.9990 | Train F1: 0.9990
Val Loss:   0.404567 | Val Acc: 0.9189 | Val F1: 0.9188 | Precision: 0.9188 | Recall: 0.9189
================================================================================

Training loop: 100%|██████████████████████████| 125/125 [09:09<00:00,  4.39s/it]
Validation loop: 100%|██████████████████████████| 63/63 [01:23<00:00,  1.32s/it]

================================================================================
Epoch 14/20
================================================================================
Train Loss: 0.001486 | Train Acc: 0.9998 | Train F1: 0.9997
Val Loss:   0.418732 | Val Acc: 0.9189 | Val F1: 0.9183 | Precision: 0.9184 | Recall: 0.9189
================================================================================

Training loop: 100%|██████████████████████████| 125/125 [09:09<00:00,  4.40s/it]
Validation loop: 100%|██████████████████████████| 63/63 [01:24<00:00,  1.34s/it]

================================================================================
Epoch 15/20
================================================================================
Train Loss: 0.000453 | Train Acc: 1.0000 | Train F1: 1.0000
Val Loss:   0.412147 | Val Acc: 0.9209 | Val F1: 0.9202 | Precision: 0.9205 | Recall: 0.9209
================================================================================

Training loop: 100%|██████████████████████████| 125/125 [09:06<00:00,  4.37s/it]
Validation loop: 100%|██████████████████████████| 63/63 [01:24<00:00,  1.35s/it]

================================================================================
Epoch 16/20
================================================================================
Train Loss: 0.001047 | Train Acc: 0.9998 | Train F1: 0.9997
Val Loss:   0.414429 | Val Acc: 0.9199 | Val F1: 0.9192 | Precision: 0.9194 | Recall: 0.9199
================================================================================

Training loop: 100%|██████████████████████████| 125/125 [09:08<00:00,  4.39s/it]
Validation loop: 100%|██████████████████████████| 63/63 [01:23<00:00,  1.32s/it]

================================================================================
Epoch 17/20
================================================================================
Train Loss: 0.001837 | Train Acc: 0.9995 | Train F1: 0.9995
Val Loss:   0.424686 | Val Acc: 0.9194 | Val F1: 0.9186 | Precision: 0.9190 | Recall: 0.9194
================================================================================

Training loop: 100%|██████████████████████████| 125/125 [09:10<00:00,  4.40s/it]
Validation loop: 100%|██████████████████████████| 63/63 [01:23<00:00,  1.32s/it]

================================================================================
Epoch 18/20
================================================================================
Train Loss: 0.000659 | Train Acc: 1.0000 | Train F1: 1.0000
Val Loss:   0.416033 | Val Acc: 0.9204 | Val F1: 0.9199 | Precision: 0.9199 | Recall: 0.9204
================================================================================

Training loop: 100%|██████████████████████████| 125/125 [09:07<00:00,  4.38s/it]
Validation loop: 100%|██████████████████████████| 63/63 [01:24<00:00,  1.34s/it]

================================================================================
Epoch 19/20
================================================================================
Train Loss: 0.001116 | Train Acc: 0.9998 | Train F1: 0.9997
Val Loss:   0.417588 | Val Acc: 0.9199 | Val F1: 0.9192 | Precision: 0.9194 | Recall: 0.9199
================================================================================

Training loop: 100%|██████████████████████████| 125/125 [09:06<00:00,  4.38s/it]
Validation loop: 100%|██████████████████████████| 63/63 [01:23<00:00,  1.33s/it]

================================================================================
Epoch 20/20
================================================================================
Train Loss: 0.000595 | Train Acc: 1.0000 | Train F1: 1.0000
Val Loss:   0.419191 | Val Acc: 0.9214 | Val F1: 0.9208 | Precision: 0.9209 | Recall: 0.9214
================================================================================

Salvado das metricas de validacao e treino
Pasta saida_4000-augumented/saidas//output/metricas/valid/fold_1 criada.
Metricas salvas em saida_4000-augumented/saidas//output/metricas/valid/fold_1 com os nomes predict_label_valid_fold_1.npy e true_label_valid_fold_1.npy e tamanhos (20, 62, 32) e (20, 62, 32)
Pasta saida_4000-augumented/saidas//output/metricas/train/fold_1 criada.
Metricas salvas em saida_4000-augumented/saidas//output/metricas/train/fold_1 com os nomes predict_label_train_fold_1.npy e true_label_train_fold_1.npy e tamanhos (20, 125, 32) e (20, 125, 32)
Finalizado o salvamento das metricas
Fold 2:
Training for 4000 images and valid for 2000 images
Pasta 4000-files-augument/output/ ja existe.
Train and valid for Fold 2
Number of training images per iteration: 32
Device sendo usado: cuda:0
✓ Modelo movido para cuda:0
Training loop: 100%|██████████████████████████| 125/125 [09:08<00:00,  4.39s/it]
Validation loop: 100%|██████████████████████████| 63/63 [01:22<00:00,  1.32s/it]

================================================================================
Epoch 1/20
================================================================================
Train Loss: 0.439456 | Train Acc: 0.7860 | Train F1: 0.7703
Val Loss:   0.628704 | Val Acc: 0.6699 | Val F1: 0.5416 | Precision: 0.6324 | Recall: 0.6699
================================================================================

Training loop: 100%|██████████████████████████| 125/125 [09:10<00:00,  4.40s/it]
Validation loop: 100%|██████████████████████████| 63/63 [01:22<00:00,  1.32s/it]

================================================================================
Epoch 2/20
================================================================================
Train Loss: 0.288825 | Train Acc: 0.8682 | Train F1: 0.8650
Val Loss:   0.615039 | Val Acc: 0.6815 | Val F1: 0.6116 | Precision: 0.6512 | Recall: 0.6815
================================================================================

Training loop: 100%|██████████████████████████| 125/125 [09:07<00:00,  4.38s/it]
Validation loop: 100%|██████████████████████████| 63/63 [01:24<00:00,  1.34s/it]

================================================================================
Epoch 3/20
================================================================================
Train Loss: 0.222797 | Train Acc: 0.9040 | Train F1: 0.9025
Val Loss:   0.604906 | Val Acc: 0.6910 | Val F1: 0.5994 | Precision: 0.7169 | Recall: 0.6910
================================================================================

Training loop: 100%|██████████████████████████| 125/125 [09:09<00:00,  4.40s/it]
Validation loop: 100%|██████████████████████████| 63/63 [01:22<00:00,  1.32s/it]

================================================================================
Epoch 4/20
================================================================================
Train Loss: 0.184277 | Train Acc: 0.9245 | Train F1: 0.9236
Val Loss:   0.568144 | Val Acc: 0.7646 | Val F1: 0.7389 | Precision: 0.7682 | Recall: 0.7646
================================================================================

Training loop: 100%|██████████████████████████| 125/125 [09:11<00:00,  4.41s/it]
Validation loop: 100%|██████████████████████████| 63/63 [01:22<00:00,  1.31s/it]

================================================================================
Epoch 5/20
================================================================================
Train Loss: 0.145937 | Train Acc: 0.9387 | Train F1: 0.9384
Val Loss:   0.519866 | Val Acc: 0.7636 | Val F1: 0.7604 | Precision: 0.7588 | Recall: 0.7636
================================================================================

Training loop: 100%|██████████████████████████| 125/125 [09:08<00:00,  4.39s/it]
Validation loop: 100%|██████████████████████████| 63/63 [01:24<00:00,  1.35s/it]

================================================================================
Epoch 6/20
================================================================================
Train Loss: 0.109675 | Train Acc: 0.9550 | Train F1: 0.9549
Val Loss:   0.544219 | Val Acc: 0.7611 | Val F1: 0.7401 | Precision: 0.7583 | Recall: 0.7611
================================================================================

Training loop: 100%|██████████████████████████| 125/125 [09:08<00:00,  4.39s/it]
Validation loop: 100%|██████████████████████████| 63/63 [01:24<00:00,  1.34s/it]

================================================================================
Epoch 7/20
================================================================================
Train Loss: 0.094578 | Train Acc: 0.9665 | Train F1: 0.9665
Val Loss:   0.681850 | Val Acc: 0.7586 | Val F1: 0.7241 | Precision: 0.7743 | Recall: 0.7586
================================================================================

Training loop: 100%|██████████████████████████| 125/125 [09:10<00:00,  4.41s/it]
Validation loop: 100%|██████████████████████████| 63/63 [01:26<00:00,  1.37s/it]

================================================================================
Epoch 8/20
================================================================================
Train Loss: 0.062287 | Train Acc: 0.9770 | Train F1: 0.9770
Val Loss:   0.689723 | Val Acc: 0.7984 | Val F1: 0.7982 | Precision: 0.7979 | Recall: 0.7984
================================================================================

Training loop: 100%|██████████████████████████| 125/125 [09:10<00:00,  4.40s/it]
Validation loop: 100%|██████████████████████████| 63/63 [01:23<00:00,  1.32s/it]

================================================================================
Epoch 9/20
================================================================================
Train Loss: 0.050183 | Train Acc: 0.9840 | Train F1: 0.9840
Val Loss:   0.997264 | Val Acc: 0.8009 | Val F1: 0.7993 | Precision: 0.7984 | Recall: 0.8009
================================================================================

Training loop: 100%|██████████████████████████| 125/125 [09:07<00:00,  4.38s/it]
Validation loop: 100%|██████████████████████████| 63/63 [01:23<00:00,  1.32s/it]

================================================================================
Epoch 10/20
================================================================================
Train Loss: 0.014059 | Train Acc: 0.9958 | Train F1: 0.9958
Val Loss:   1.138520 | Val Acc: 0.8150 | Val F1: 0.8046 | Precision: 0.8158 | Recall: 0.8150
================================================================================

Training loop: 100%|██████████████████████████| 125/125 [09:08<00:00,  4.39s/it]
Validation loop: 100%|██████████████████████████| 63/63 [01:23<00:00,  1.32s/it]

================================================================================
Epoch 11/20
================================================================================
Train Loss: 0.007026 | Train Acc: 0.9982 | Train F1: 0.9982
Val Loss:   1.037139 | Val Acc: 0.8281 | Val F1: 0.8230 | Precision: 0.8255 | Recall: 0.8281
================================================================================

Training loop: 100%|██████████████████████████| 125/125 [09:11<00:00,  4.41s/it]
Validation loop: 100%|██████████████████████████| 63/63 [01:24<00:00,  1.33s/it]

================================================================================
Epoch 12/20
================================================================================
Train Loss: 0.001713 | Train Acc: 0.9995 | Train F1: 0.9995
Val Loss:   1.034755 | Val Acc: 0.8296 | Val F1: 0.8267 | Precision: 0.8267 | Recall: 0.8296
================================================================================

Training loop: 100%|██████████████████████████| 125/125 [09:07<00:00,  4.38s/it]
Validation loop: 100%|██████████████████████████| 63/63 [01:23<00:00,  1.33s/it]

================================================================================
Epoch 13/20
================================================================================
Train Loss: 0.001071 | Train Acc: 0.9998 | Train F1: 0.9997
Val Loss:   1.122578 | Val Acc: 0.8281 | Val F1: 0.8238 | Precision: 0.8252 | Recall: 0.8281
================================================================================

Training loop: 100%|██████████████████████████| 125/125 [09:07<00:00,  4.38s/it]
Validation loop: 100%|██████████████████████████| 63/63 [01:23<00:00,  1.32s/it]

================================================================================
Epoch 14/20
================================================================================
Train Loss: 0.000635 | Train Acc: 1.0000 | Train F1: 1.0000
Val Loss:   1.133616 | Val Acc: 0.8291 | Val F1: 0.8246 | Precision: 0.8262 | Recall: 0.8291
================================================================================

Training loop: 100%|██████████████████████████| 125/125 [09:10<00:00,  4.40s/it]
Validation loop: 100%|██████████████████████████| 63/63 [01:22<00:00,  1.31s/it]

================================================================================
Epoch 15/20
================================================================================
Train Loss: 0.001207 | Train Acc: 0.9998 | Train F1: 0.9998
Val Loss:   1.129338 | Val Acc: 0.8291 | Val F1: 0.8240 | Precision: 0.8263 | Recall: 0.8291
================================================================================

Training loop: 100%|██████████████████████████| 125/125 [09:08<00:00,  4.39s/it]
Validation loop: 100%|██████████████████████████| 63/63 [01:23<00:00,  1.33s/it]

================================================================================
Epoch 16/20
================================================================================
Train Loss: 0.000720 | Train Acc: 0.9998 | Train F1: 0.9998
Val Loss:   1.062244 | Val Acc: 0.8296 | Val F1: 0.8280 | Precision: 0.8274 | Recall: 0.8296
================================================================================

Training loop: 100%|██████████████████████████| 125/125 [09:07<00:00,  4.38s/it]
Validation loop: 100%|██████████████████████████| 63/63 [01:23<00:00,  1.32s/it]

================================================================================
Epoch 17/20
================================================================================
Train Loss: 0.000497 | Train Acc: 1.0000 | Train F1: 1.0000
Val Loss:   1.128450 | Val Acc: 0.8327 | Val F1: 0.8287 | Precision: 0.8298 | Recall: 0.8327
================================================================================

Training loop: 100%|██████████████████████████| 125/125 [09:09<00:00,  4.40s/it]
Validation loop: 100%|██████████████████████████| 63/63 [01:22<00:00,  1.32s/it]

================================================================================
Epoch 18/20
================================================================================
Train Loss: 0.000789 | Train Acc: 1.0000 | Train F1: 1.0000
Val Loss:   1.117738 | Val Acc: 0.8301 | Val F1: 0.8270 | Precision: 0.8271 | Recall: 0.8301
================================================================================

Training loop: 100%|██████████████████████████| 125/125 [09:11<00:00,  4.41s/it]
Validation loop: 100%|██████████████████████████| 63/63 [01:23<00:00,  1.32s/it]

================================================================================
Epoch 19/20
================================================================================
Train Loss: 0.000358 | Train Acc: 1.0000 | Train F1: 1.0000
Val Loss:   1.132586 | Val Acc: 0.8286 | Val F1: 0.8235 | Precision: 0.8260 | Recall: 0.8286
================================================================================

Training loop: 100%|██████████████████████████| 125/125 [09:07<00:00,  4.38s/it]
Validation loop: 100%|██████████████████████████| 63/63 [01:27<00:00,  1.38s/it]

================================================================================
Epoch 20/20
================================================================================
Train Loss: 0.000685 | Train Acc: 0.9998 | Train F1: 0.9997
Val Loss:   1.108576 | Val Acc: 0.8332 | Val F1: 0.8289 | Precision: 0.8305 | Recall: 0.8332
================================================================================

Salvado das metricas de validacao e treino
Pasta saida_4000-augumented/saidas//output/metricas/valid/fold_2 criada.
Metricas salvas em saida_4000-augumented/saidas//output/metricas/valid/fold_2 com os nomes predict_label_valid_fold_2.npy e true_label_valid_fold_2.npy e tamanhos (20, 62, 32) e (20, 62, 32)
Pasta saida_4000-augumented/saidas//output/metricas/train/fold_2 criada.
Metricas salvas em saida_4000-augumented/saidas//output/metricas/train/fold_2 com os nomes predict_label_train_fold_2.npy e true_label_train_fold_2.npy e tamanhos (20, 125, 32) e (20, 125, 32)
Finalizado o salvamento das metricas

      ###############################################
      Fim do treinamento com K-Fold Cross Validation
      ###############################################
      
Treinamento com K-Fold Cross Validation concluído com sucesso.
